<?xml version="1.0" encoding="UTF-8"?>
<!-- Generated by org.testng.reporters.JUnitXMLReporter -->
<testsuite hostname="LAPTOP-TO602G7N" ignored="0" name="Default test" tests="3" failures="0" timestamp="2020-10-22T19:59:19 CDT" time="19.733" errors="0">
  <testcase name="LaunchEdge" time="5.587" classname="OpenMultiBrowser.OpenBrowsers"/>
  <testcase name="launch_chrome" time="4.025" classname="OpenMultiBrowser.OpenBrowsers"/>
  <testcase name="launch_gecko" time="9.002" classname="OpenMultiBrowser.OpenBrowsers"/>
</testsuite> <!-- Default test -->
