<?xml version="1.0" encoding="UTF-8"?>
<testng-results skipped="0" failed="0" ignored="0" total="3" passed="3">
  <reporter-output>
  </reporter-output>
  <suite name="Default suite" duration-ms="19733" started-at="2020-10-22T19:58:59 CDT" finished-at="2020-10-22T19:59:19 CDT">
    <groups>
    </groups>
    <test name="Default test" duration-ms="19733" started-at="2020-10-22T19:58:59 CDT" finished-at="2020-10-22T19:59:19 CDT">
      <class name="OpenMultiBrowser.OpenBrowsers">
        <test-method status="PASS" signature="LaunchEdge()[pri:0, instance:OpenMultiBrowser.OpenBrowsers@70a9f84e]" name="LaunchEdge" duration-ms="5587" started-at="2020-10-22T19:58:59 CDT" finished-at="2020-10-22T19:59:05 CDT">
          <reporter-output>
          </reporter-output>
        </test-method> <!-- LaunchEdge -->
        <test-method status="PASS" signature="launch_chrome()[pri:0, instance:OpenMultiBrowser.OpenBrowsers@70a9f84e]" name="launch_chrome" duration-ms="4025" started-at="2020-10-22T19:59:05 CDT" finished-at="2020-10-22T19:59:09 CDT">
          <reporter-output>
          </reporter-output>
        </test-method> <!-- launch_chrome -->
        <test-method status="PASS" signature="launch_gecko()[pri:0, instance:OpenMultiBrowser.OpenBrowsers@70a9f84e]" name="launch_gecko" duration-ms="9002" started-at="2020-10-22T19:59:09 CDT" finished-at="2020-10-22T19:59:18 CDT">
          <reporter-output>
          </reporter-output>
        </test-method> <!-- launch_gecko -->
        <test-method status="PASS" signature="tearDown()[pri:0, instance:OpenMultiBrowser.OpenBrowsers@70a9f84e]" name="tearDown" is-config="true" duration-ms="1064" started-at="2020-10-22T19:59:18 CDT" finished-at="2020-10-22T19:59:19 CDT">
          <reporter-output>
          </reporter-output>
        </test-method> <!-- tearDown -->
      </class> <!-- OpenMultiBrowser.OpenBrowsers -->
    </test> <!-- Default test -->
  </suite> <!-- Default suite -->
</testng-results>
